<?xml version="1.0" encoding="UTF-8"?>
<testsuite name="edu.coursera.parallel.ReciprocalArraySumTest" time="61.39" tests="4" errors="0" skipped="0" failures="2">
  <properties>
    <property name="idea.version" value="2023.1.2"/>
    <property name="java.runtime.name" value="Java(TM) SE Runtime Environment"/>
    <property name="java.vm.version" value="20+36-2344"/>
    <property name="sun.boot.library.path" value="/Library/Java/JavaVirtualMachines/jdk-20.jdk/Contents/Home/lib"/>
    <property name="maven.multiModuleProjectDirectory" value="/Users/aman/Desktop/Programming_Projects/ParallelProg_JAVA/miniproject_1"/>
    <property name="java.vm.vendor" value="Oracle Corporation"/>
    <property name="java.vendor.url" value="https://java.oracle.com/"/>
    <property name="guice.disable.misplaced.annotation.check" value="true"/>
    <property name="path.separator" value=":"/>
    <property name="java.vm.name" value="Java HotSpot(TM) 64-Bit Server VM"/>
    <property name="user.country" value="US"/>
    <property name="sun.java.launcher" value="SUN_STANDARD"/>
    <property name="java.vm.specification.name" value="Java Virtual Machine Specification"/>
    <property name="user.dir" value="/Users/aman/Desktop/Programming_Projects/ParallelProg_JAVA/miniproject_1"/>
    <property name="java.vm.compressedOopsMode" value="Zero based"/>
    <property name="java.runtime.version" value="20+36-2344"/>
    <property name="os.arch" value="x86_64"/>
    <property name="java.io.tmpdir" value="/var/folders/n9/n5041f191wnfkmgzsv4_xtqm0000gn/T/"/>
    <property name="line.separator" value="&#10;"/>
    <property name="java.vm.specification.vendor" value="Oracle Corporation"/>
    <property name="stderr.encoding" value="UTF-8"/>
    <property name="os.name" value="Mac OS X"/>
    <property name="maven.ext.class.path" value="/private/var/folders/n9/n5041f191wnfkmgzsv4_xtqm0000gn/T/AppTranslocation/BB05B3F4-6FD7-4727-8EAD-952A857D7346/d/IntelliJ IDEA CE.app/Contents/plugins/maven/lib/maven-event-listener.jar"/>
    <property name="classworlds.conf" value="/private/var/folders/n9/n5041f191wnfkmgzsv4_xtqm0000gn/T/AppTranslocation/BB05B3F4-6FD7-4727-8EAD-952A857D7346/d/IntelliJ IDEA CE.app/Contents/plugins/maven/lib/maven3/bin/m2.conf"/>
    <property name="sun.jnu.encoding" value="UTF-8"/>
    <property name="stdout.encoding" value="UTF-8"/>
    <property name="java.library.path" value="/Users/aman/Library/Java/Extensions:/Library/Java/Extensions:/Network/Library/Java/Extensions:/System/Library/Java/Extensions:/usr/lib/java:."/>
    <property name="jansi.passthrough" value="true"/>
    <property name="maven.conf" value="/private/var/folders/n9/n5041f191wnfkmgzsv4_xtqm0000gn/T/AppTranslocation/BB05B3F4-6FD7-4727-8EAD-952A857D7346/d/IntelliJ IDEA CE.app/Contents/plugins/maven/lib/maven3/conf"/>
    <property name="jdk.debug" value="release"/>
    <property name="java.class.version" value="64.0"/>
    <property name="java.specification.name" value="Java Platform API Specification"/>
    <property name="sun.management.compiler" value="HotSpot 64-Bit Tiered Compilers"/>
    <property name="os.version" value="13.1"/>
    <property name="user.home" value="/Users/aman"/>
    <property name="user.timezone" value="America/New_York"/>
    <property name="file.encoding" value="UTF-8"/>
    <property name="java.specification.version" value="20"/>
    <property name="user.name" value="aman"/>
    <property name="java.class.path" value="/private/var/folders/n9/n5041f191wnfkmgzsv4_xtqm0000gn/T/AppTranslocation/BB05B3F4-6FD7-4727-8EAD-952A857D7346/d/IntelliJ IDEA CE.app/Contents/plugins/maven/lib/maven3/boot/plexus-classworlds-2.6.0.jar:/private/var/folders/n9/n5041f191wnfkmgzsv4_xtqm0000gn/T/AppTranslocation/BB05B3F4-6FD7-4727-8EAD-952A857D7346/d/IntelliJ IDEA CE.app/Contents/plugins/maven/lib/maven3/boot/plexus-classworlds.license"/>
    <property name="java.vm.specification.version" value="20"/>
    <property name="sun.arch.data.model" value="64"/>
    <property name="sun.java.command" value="org.codehaus.classworlds.Launcher -Didea.version=2023.1.2 test"/>
    <property name="java.home" value="/Library/Java/JavaVirtualMachines/jdk-20.jdk/Contents/Home"/>
    <property name="apple.awt.application.name" value="Launcher"/>
    <property name="user.language" value="en"/>
    <property name="java.specification.vendor" value="Oracle Corporation"/>
    <property name="java.vm.info" value="mixed mode, sharing"/>
    <property name="java.version" value="20"/>
    <property name="native.encoding" value="UTF-8"/>
    <property name="java.vendor" value="Oracle Corporation"/>
    <property name="sun.stderr.encoding" value="UTF-8"/>
    <property name="maven.home" value="/private/var/folders/n9/n5041f191wnfkmgzsv4_xtqm0000gn/T/AppTranslocation/BB05B3F4-6FD7-4727-8EAD-952A857D7346/d/IntelliJ IDEA CE.app/Contents/plugins/maven/lib/maven3"/>
    <property name="file.separator" value="/"/>
    <property name="java.version.date" value="2023-03-21"/>
    <property name="java.vendor.url.bug" value="https://bugreport.java.com/bugreport/"/>
    <property name="sun.io.unicode.encoding" value="UnicodeBig"/>
    <property name="sun.cpu.endian" value="little"/>
    <property name="sun.stdout.encoding" value="UTF-8"/>
  </properties>
  <testcase name="testParSimpleTwoHundredMillion" classname="edu.coursera.parallel.ReciprocalArraySumTest" time="32.368"/>
  <testcase name="testParManyTaskTwoHundredMillion" classname="edu.coursera.parallel.ReciprocalArraySumTest" time="28.351">
    <failure message="It was expected that the many-task parallel implementation would run at least 3.200000x faster, but it only achieved 1.878378x speedup" type="junit.framework.AssertionFailedError">junit.framework.AssertionFailedError: It was expected that the many-task parallel implementation would run at least 3.200000x faster, but it only achieved 1.878378x speedup
	at junit.framework.Assert.fail(Assert.java:47)
	at junit.framework.Assert.assertTrue(Assert.java:20)
	at edu.coursera.parallel.ReciprocalArraySumTest.testParManyTaskTwoHundredMillion(ReciprocalArraySumTest.java:155)
</failure>
    <system-out><![CDATA[Minimum Range = 50000000Maximum Range = 50000000
Minimum Range = 50000000Maximum Range = 50000000
Minimum Range = 50000000Maximum Range = 50000000
Minimum Range = 50000000Maximum Range = 50000000
Minimum Range = 50000000Maximum Range = 50000000
Minimum Range = 50000000Maximum Range = 50000000
Minimum Range = 50000000Maximum Range = 50000000
Minimum Range = 50000000Maximum Range = 50000000
Minimum Range = 50000000Maximum Range = 50000000
Minimum Range = 50000000Maximum Range = 50000000
Minimum Range = 50000000Maximum Range = 50000000
Minimum Range = 50000000Maximum Range = 50000000
Minimum Range = 50000000Maximum Range = 50000000
Minimum Range = 50000000Maximum Range = 50000000
Minimum Range = 50000000Maximum Range = 50000000
Minimum Range = 50000000Maximum Range = 50000000
Minimum Range = 50000000Maximum Range = 50000000
Minimum Range = 50000000Maximum Range = 50000000
Minimum Range = 50000000Maximum Range = 50000000
Minimum Range = 50000000Maximum Range = 50000000
Minimum Range = 50000000Maximum Range = 50000000
Minimum Range = 50000000Maximum Range = 50000000
Minimum Range = 50000000Maximum Range = 50000000
Minimum Range = 50000000Maximum Range = 50000000
Minimum Range = 50000000Maximum Range = 50000000
Minimum Range = 50000000Maximum Range = 50000000
Minimum Range = 50000000Maximum Range = 50000000
Minimum Range = 50000000Maximum Range = 50000000
Minimum Range = 50000000Maximum Range = 50000000
Minimum Range = 50000000Maximum Range = 50000000
Minimum Range = 50000000Maximum Range = 50000000
Minimum Range = 50000000Maximum Range = 50000000
Minimum Range = 50000000Maximum Range = 50000000
Minimum Range = 50000000Maximum Range = 50000000
Minimum Range = 50000000Maximum Range = 50000000
Minimum Range = 50000000Maximum Range = 50000000
Minimum Range = 50000000Maximum Range = 50000000
Minimum Range = 50000000Maximum Range = 50000000
Minimum Range = 50000000Maximum Range = 50000000
Minimum Range = 50000000Maximum Range = 50000000
Minimum Range = 50000000Maximum Range = 50000000
Minimum Range = 50000000Maximum Range = 50000000
Minimum Range = 50000000Maximum Range = 50000000
Minimum Range = 50000000Maximum Range = 50000000
Minimum Range = 50000000Maximum Range = 50000000
Minimum Range = 50000000Maximum Range = 50000000
Minimum Range = 50000000Maximum Range = 50000000
Minimum Range = 50000000Maximum Range = 50000000
Minimum Range = 50000000Maximum Range = 50000000
Minimum Range = 50000000Maximum Range = 50000000
Minimum Range = 50000000Maximum Range = 50000000
Minimum Range = 50000000Maximum Range = 50000000
Minimum Range = 50000000Maximum Range = 50000000
Minimum Range = 50000000Maximum Range = 50000000
Minimum Range = 50000000Maximum Range = 50000000
Minimum Range = 50000000Maximum Range = 50000000
Minimum Range = 50000000Maximum Range = 50000000
Minimum Range = 50000000Maximum Range = 50000000
Minimum Range = 50000000Maximum Range = 50000000
Minimum Range = 50000000Maximum Range = 50000000
Minimum Range = 50000000Maximum Range = 50000000
Minimum Range = 50000000Maximum Range = 50000000
Minimum Range = 50000000Maximum Range = 50000000
Minimum Range = 50000000Maximum Range = 50000000
Minimum Range = 50000000Maximum Range = 50000000
Minimum Range = 50000000Maximum Range = 50000000
Minimum Range = 50000000Maximum Range = 50000000
Minimum Range = 50000000Maximum Range = 50000000
Minimum Range = 50000000Maximum Range = 50000000
Minimum Range = 50000000Maximum Range = 50000000
Minimum Range = 50000000Maximum Range = 50000000
Minimum Range = 50000000Maximum Range = 50000000
Minimum Range = 50000000Maximum Range = 50000000
Minimum Range = 50000000Maximum Range = 50000000
Minimum Range = 50000000Maximum Range = 50000000
Minimum Range = 50000000Maximum Range = 50000000
Minimum Range = 50000000Maximum Range = 50000000
Minimum Range = 50000000Maximum Range = 50000000
Minimum Range = 50000000Maximum Range = 50000000
Minimum Range = 50000000Maximum Range = 50000000
Minimum Range = 50000000Maximum Range = 50000000
Minimum Range = 50000000Maximum Range = 50000000
Minimum Range = 50000000Maximum Range = 50000000
Minimum Range = 50000000Maximum Range = 50000000
Minimum Range = 50000000Maximum Range = 50000000
Minimum Range = 50000000Maximum Range = 50000000
Minimum Range = 50000000Maximum Range = 50000000
Minimum Range = 50000000Maximum Range = 50000000
Minimum Range = 50000000Maximum Range = 50000000
Minimum Range = 50000000Maximum Range = 50000000
Minimum Range = 50000000Maximum Range = 50000000
Minimum Range = 50000000Maximum Range = 50000000
Minimum Range = 50000000Maximum Range = 50000000
Minimum Range = 50000000Maximum Range = 50000000
Minimum Range = 50000000Maximum Range = 50000000
Minimum Range = 50000000Maximum Range = 50000000
Minimum Range = 50000000Maximum Range = 50000000
Minimum Range = 50000000Maximum Range = 50000000
Minimum Range = 50000000Maximum Range = 50000000
Minimum Range = 50000000Maximum Range = 50000000
Minimum Range = 50000000Maximum Range = 50000000
Minimum Range = 50000000Maximum Range = 50000000
Minimum Range = 50000000Maximum Range = 50000000
Minimum Range = 50000000Maximum Range = 50000000
Minimum Range = 50000000Maximum Range = 50000000
Minimum Range = 50000000Maximum Range = 50000000
Minimum Range = 50000000Maximum Range = 50000000
Minimum Range = 50000000Maximum Range = 50000000
Minimum Range = 50000000Maximum Range = 50000000
Minimum Range = 50000000Maximum Range = 50000000
Minimum Range = 50000000Maximum Range = 50000000
Minimum Range = 50000000Maximum Range = 50000000
Minimum Range = 50000000Maximum Range = 50000000
Minimum Range = 50000000Maximum Range = 50000000
Minimum Range = 50000000Maximum Range = 50000000
Minimum Range = 50000000Maximum Range = 50000000
Minimum Range = 50000000Maximum Range = 50000000
Minimum Range = 50000000Maximum Range = 50000000
Minimum Range = 50000000Maximum Range = 50000000
Minimum Range = 50000000Maximum Range = 50000000
Minimum Range = 50000000Maximum Range = 50000000
Minimum Range = 50000000Maximum Range = 50000000
Minimum Range = 50000000Maximum Range = 50000000
Minimum Range = 50000000Maximum Range = 50000000
Minimum Range = 50000000Maximum Range = 50000000
Minimum Range = 50000000Maximum Range = 50000000
Minimum Range = 50000000Maximum Range = 50000000
Minimum Range = 50000000Maximum Range = 50000000
Minimum Range = 50000000Maximum Range = 50000000
Minimum Range = 50000000Maximum Range = 50000000
Minimum Range = 50000000Maximum Range = 50000000
Minimum Range = 50000000Maximum Range = 50000000
Minimum Range = 50000000Maximum Range = 50000000
Minimum Range = 50000000Maximum Range = 50000000
Minimum Range = 50000000Maximum Range = 50000000
Minimum Range = 50000000Maximum Range = 50000000
Minimum Range = 50000000Maximum Range = 50000000
Minimum Range = 50000000Maximum Range = 50000000
Minimum Range = 50000000Maximum Range = 50000000
Minimum Range = 50000000Maximum Range = 50000000
Minimum Range = 50000000Maximum Range = 50000000
Minimum Range = 50000000Maximum Range = 50000000
Minimum Range = 50000000Maximum Range = 50000000
Minimum Range = 50000000Maximum Range = 50000000
Minimum Range = 50000000Maximum Range = 50000000
Minimum Range = 50000000Maximum Range = 50000000
Minimum Range = 50000000Maximum Range = 50000000
Minimum Range = 50000000Maximum Range = 50000000
Minimum Range = 50000000Maximum Range = 50000000
Minimum Range = 50000000Maximum Range = 50000000
Minimum Range = 50000000Maximum Range = 50000000
Minimum Range = 50000000Maximum Range = 50000000
Minimum Range = 50000000Maximum Range = 50000000
Minimum Range = 50000000Maximum Range = 50000000
Minimum Range = 50000000Maximum Range = 50000000
Minimum Range = 50000000Maximum Range = 50000000
Minimum Range = 50000000Maximum Range = 50000000
Minimum Range = 50000000Maximum Range = 50000000
Minimum Range = 50000000Maximum Range = 50000000
Minimum Range = 50000000Maximum Range = 50000000
Minimum Range = 50000000Maximum Range = 50000000
Minimum Range = 50000000Maximum Range = 50000000
Minimum Range = 50000000Maximum Range = 50000000
Minimum Range = 50000000Maximum Range = 50000000
Minimum Range = 50000000Maximum Range = 50000000
Minimum Range = 50000000Maximum Range = 50000000
Minimum Range = 50000000Maximum Range = 50000000
Minimum Range = 50000000Maximum Range = 50000000
Minimum Range = 50000000Maximum Range = 50000000
Minimum Range = 50000000Maximum Range = 50000000
Minimum Range = 50000000Maximum Range = 50000000
Minimum Range = 50000000Maximum Range = 50000000
Minimum Range = 50000000Maximum Range = 50000000
Minimum Range = 50000000Maximum Range = 50000000
Minimum Range = 50000000Maximum Range = 50000000
Minimum Range = 50000000Maximum Range = 50000000
Minimum Range = 50000000Maximum Range = 50000000
Minimum Range = 50000000Maximum Range = 50000000
Minimum Range = 50000000Maximum Range = 50000000
Minimum Range = 50000000Maximum Range = 50000000
Minimum Range = 50000000Maximum Range = 50000000
Minimum Range = 50000000Maximum Range = 50000000
Minimum Range = 50000000Maximum Range = 50000000
Minimum Range = 50000000Maximum Range = 50000000
Minimum Range = 50000000Maximum Range = 50000000
Minimum Range = 50000000Maximum Range = 50000000
Minimum Range = 50000000Maximum Range = 50000000
Minimum Range = 50000000Maximum Range = 50000000
Minimum Range = 50000000Maximum Range = 50000000
Minimum Range = 50000000Maximum Range = 50000000
Minimum Range = 50000000Maximum Range = 50000000
Minimum Range = 50000000Maximum Range = 50000000
Minimum Range = 50000000Maximum Range = 50000000
Minimum Range = 50000000Maximum Range = 50000000
Minimum Range = 50000000Maximum Range = 50000000
Minimum Range = 50000000Maximum Range = 50000000
Minimum Range = 50000000Maximum Range = 50000000
Minimum Range = 50000000Maximum Range = 50000000
Minimum Range = 50000000Maximum Range = 50000000
Minimum Range = 50000000Maximum Range = 50000000
Minimum Range = 50000000Maximum Range = 50000000
Minimum Range = 50000000Maximum Range = 50000000
Minimum Range = 50000000Maximum Range = 50000000
Minimum Range = 50000000Maximum Range = 50000000
Minimum Range = 50000000Maximum Range = 50000000
Minimum Range = 50000000Maximum Range = 50000000
Minimum Range = 50000000Maximum Range = 50000000
Minimum Range = 50000000Maximum Range = 50000000
Minimum Range = 50000000Maximum Range = 50000000
Minimum Range = 50000000Maximum Range = 50000000
Minimum Range = 50000000Maximum Range = 50000000
Minimum Range = 50000000Maximum Range = 50000000
Minimum Range = 50000000Maximum Range = 50000000
Minimum Range = 50000000Maximum Range = 50000000
Minimum Range = 50000000Maximum Range = 50000000
Minimum Range = 50000000Maximum Range = 50000000
Minimum Range = 50000000Maximum Range = 50000000
Minimum Range = 50000000Maximum Range = 50000000
Minimum Range = 50000000Maximum Range = 50000000
Minimum Range = 50000000Maximum Range = 50000000
Minimum Range = 50000000Maximum Range = 50000000
Minimum Range = 50000000Maximum Range = 50000000
Minimum Range = 50000000Maximum Range = 50000000
Minimum Range = 50000000Maximum Range = 50000000
Minimum Range = 50000000Maximum Range = 50000000
Minimum Range = 50000000Maximum Range = 50000000
Minimum Range = 50000000Maximum Range = 50000000
Minimum Range = 50000000Maximum Range = 50000000
Minimum Range = 50000000Maximum Range = 50000000
Minimum Range = 50000000Maximum Range = 50000000
Minimum Range = 50000000Maximum Range = 50000000
Minimum Range = 50000000Maximum Range = 50000000
Minimum Range = 50000000Maximum Range = 50000000
Minimum Range = 50000000Maximum Range = 50000000
Minimum Range = 50000000Maximum Range = 50000000
Minimum Range = 50000000Maximum Range = 50000000
Minimum Range = 50000000Maximum Range = 50000000
Minimum Range = 50000000Maximum Range = 50000000
Minimum Range = 50000000Maximum Range = 50000000
Minimum Range = 50000000Maximum Range = 50000000
Minimum Range = 50000000Maximum Range = 50000000
Minimum Range = 50000000Maximum Range = 50000000
Minimum Range = 50000000Maximum Range = 50000000
Minimum Range = 50000000Maximum Range = 50000000
]]></system-out>
  </testcase>
  <testcase name="testParSimpleTwoMillion" classname="edu.coursera.parallel.ReciprocalArraySumTest" time="0.295"/>
  <testcase name="testParManyTaskTwoMillion" classname="edu.coursera.parallel.ReciprocalArraySumTest" time="0.376">
    <failure message="It was expected that the many-task parallel implementation would run at least 2.400000x faster, but it only achieved 1.000000x speedup" type="junit.framework.AssertionFailedError">junit.framework.AssertionFailedError: It was expected that the many-task parallel implementation would run at least 2.400000x faster, but it only achieved 1.000000x speedup
	at junit.framework.Assert.fail(Assert.java:47)
	at junit.framework.Assert.assertTrue(Assert.java:20)
	at edu.coursera.parallel.ReciprocalArraySumTest.testParManyTaskTwoMillion(ReciprocalArraySumTest.java:143)
</failure>
    <system-out><![CDATA[Minimum Range = 500000Maximum Range = 500000
Minimum Range = 500000Maximum Range = 500000
Minimum Range = 500000Maximum Range = 500000
Minimum Range = 500000Maximum Range = 500000
Minimum Range = 500000Maximum Range = 500000
Minimum Range = 500000Maximum Range = 500000
Minimum Range = 500000Maximum Range = 500000
Minimum Range = 500000Maximum Range = 500000
Minimum Range = 500000Maximum Range = 500000
Minimum Range = 500000Maximum Range = 500000
Minimum Range = 500000Maximum Range = 500000
Minimum Range = 500000Maximum Range = 500000
Minimum Range = 500000Maximum Range = 500000
Minimum Range = 500000Maximum Range = 500000
Minimum Range = 500000Maximum Range = 500000
Minimum Range = 500000Maximum Range = 500000
Minimum Range = 500000Maximum Range = 500000
Minimum Range = 500000Maximum Range = 500000
Minimum Range = 500000Maximum Range = 500000
Minimum Range = 500000Maximum Range = 500000
Minimum Range = 500000Maximum Range = 500000
Minimum Range = 500000Maximum Range = 500000
Minimum Range = 500000Maximum Range = 500000
Minimum Range = 500000Maximum Range = 500000
Minimum Range = 500000Maximum Range = 500000
Minimum Range = 500000Maximum Range = 500000
Minimum Range = 500000Maximum Range = 500000
Minimum Range = 500000Maximum Range = 500000
Minimum Range = 500000Maximum Range = 500000
Minimum Range = 500000Maximum Range = 500000
Minimum Range = 500000Maximum Range = 500000
Minimum Range = 500000Maximum Range = 500000
Minimum Range = 500000Maximum Range = 500000
Minimum Range = 500000Maximum Range = 500000
Minimum Range = 500000Maximum Range = 500000
Minimum Range = 500000Maximum Range = 500000
Minimum Range = 500000Maximum Range = 500000
Minimum Range = 500000Maximum Range = 500000
Minimum Range = 500000Maximum Range = 500000
Minimum Range = 500000Maximum Range = 500000
Minimum Range = 500000Maximum Range = 500000
Minimum Range = 500000Maximum Range = 500000
Minimum Range = 500000Maximum Range = 500000
Minimum Range = 500000Maximum Range = 500000
Minimum Range = 500000Maximum Range = 500000
Minimum Range = 500000Maximum Range = 500000
Minimum Range = 500000Maximum Range = 500000
Minimum Range = 500000Maximum Range = 500000
Minimum Range = 500000Maximum Range = 500000
Minimum Range = 500000Maximum Range = 500000
Minimum Range = 500000Maximum Range = 500000
Minimum Range = 500000Maximum Range = 500000
Minimum Range = 500000Maximum Range = 500000
Minimum Range = 500000Maximum Range = 500000
Minimum Range = 500000Maximum Range = 500000
Minimum Range = 500000Maximum Range = 500000
Minimum Range = 500000Maximum Range = 500000
Minimum Range = 500000Maximum Range = 500000
Minimum Range = 500000Maximum Range = 500000
Minimum Range = 500000Maximum Range = 500000
Minimum Range = 500000Maximum Range = 500000
Minimum Range = 500000Maximum Range = 500000
Minimum Range = 500000Maximum Range = 500000
Minimum Range = 500000Maximum Range = 500000
Minimum Range = 500000Maximum Range = 500000
Minimum Range = 500000Maximum Range = 500000
Minimum Range = 500000Maximum Range = 500000
Minimum Range = 500000Maximum Range = 500000
Minimum Range = 500000Maximum Range = 500000
Minimum Range = 500000Maximum Range = 500000
Minimum Range = 500000Maximum Range = 500000
Minimum Range = 500000Maximum Range = 500000
Minimum Range = 500000Maximum Range = 500000
Minimum Range = 500000Maximum Range = 500000
Minimum Range = 500000Maximum Range = 500000
Minimum Range = 500000Maximum Range = 500000
Minimum Range = 500000Maximum Range = 500000
Minimum Range = 500000Maximum Range = 500000
Minimum Range = 500000Maximum Range = 500000
Minimum Range = 500000Maximum Range = 500000
Minimum Range = 500000Maximum Range = 500000
Minimum Range = 500000Maximum Range = 500000
Minimum Range = 500000Maximum Range = 500000
Minimum Range = 500000Maximum Range = 500000
Minimum Range = 500000Maximum Range = 500000
Minimum Range = 500000Maximum Range = 500000
Minimum Range = 500000Maximum Range = 500000
Minimum Range = 500000Maximum Range = 500000
Minimum Range = 500000Maximum Range = 500000
Minimum Range = 500000Maximum Range = 500000
Minimum Range = 500000Maximum Range = 500000
Minimum Range = 500000Maximum Range = 500000
Minimum Range = 500000Maximum Range = 500000
Minimum Range = 500000Maximum Range = 500000
Minimum Range = 500000Maximum Range = 500000
Minimum Range = 500000Maximum Range = 500000
Minimum Range = 500000Maximum Range = 500000
Minimum Range = 500000Maximum Range = 500000
Minimum Range = 500000Maximum Range = 500000
Minimum Range = 500000Maximum Range = 500000
Minimum Range = 500000Maximum Range = 500000
Minimum Range = 500000Maximum Range = 500000
Minimum Range = 500000Maximum Range = 500000
Minimum Range = 500000Maximum Range = 500000
Minimum Range = 500000Maximum Range = 500000
Minimum Range = 500000Maximum Range = 500000
Minimum Range = 500000Maximum Range = 500000
Minimum Range = 500000Maximum Range = 500000
Minimum Range = 500000Maximum Range = 500000
Minimum Range = 500000Maximum Range = 500000
Minimum Range = 500000Maximum Range = 500000
Minimum Range = 500000Maximum Range = 500000
Minimum Range = 500000Maximum Range = 500000
Minimum Range = 500000Maximum Range = 500000
Minimum Range = 500000Maximum Range = 500000
Minimum Range = 500000Maximum Range = 500000
Minimum Range = 500000Maximum Range = 500000
Minimum Range = 500000Maximum Range = 500000
Minimum Range = 500000Maximum Range = 500000
Minimum Range = 500000Maximum Range = 500000
Minimum Range = 500000Maximum Range = 500000
Minimum Range = 500000Maximum Range = 500000
Minimum Range = 500000Maximum Range = 500000
Minimum Range = 500000Maximum Range = 500000
Minimum Range = 500000Maximum Range = 500000
Minimum Range = 500000Maximum Range = 500000
Minimum Range = 500000Maximum Range = 500000
Minimum Range = 500000Maximum Range = 500000
Minimum Range = 500000Maximum Range = 500000
Minimum Range = 500000Maximum Range = 500000
Minimum Range = 500000Maximum Range = 500000
Minimum Range = 500000Maximum Range = 500000
Minimum Range = 500000Maximum Range = 500000
Minimum Range = 500000Maximum Range = 500000
Minimum Range = 500000Maximum Range = 500000
Minimum Range = 500000Maximum Range = 500000
Minimum Range = 500000Maximum Range = 500000
Minimum Range = 500000Maximum Range = 500000
Minimum Range = 500000Maximum Range = 500000
Minimum Range = 500000Maximum Range = 500000
Minimum Range = 500000Maximum Range = 500000
Minimum Range = 500000Maximum Range = 500000
Minimum Range = 500000Maximum Range = 500000
Minimum Range = 500000Maximum Range = 500000
Minimum Range = 500000Maximum Range = 500000
Minimum Range = 500000Maximum Range = 500000
Minimum Range = 500000Maximum Range = 500000
Minimum Range = 500000Maximum Range = 500000
Minimum Range = 500000Maximum Range = 500000
Minimum Range = 500000Maximum Range = 500000
Minimum Range = 500000Maximum Range = 500000
Minimum Range = 500000Maximum Range = 500000
Minimum Range = 500000Maximum Range = 500000
Minimum Range = 500000Maximum Range = 500000
Minimum Range = 500000Maximum Range = 500000
Minimum Range = 500000Maximum Range = 500000
Minimum Range = 500000Maximum Range = 500000
Minimum Range = 500000Maximum Range = 500000
Minimum Range = 500000Maximum Range = 500000
Minimum Range = 500000Maximum Range = 500000
Minimum Range = 500000Maximum Range = 500000
Minimum Range = 500000Maximum Range = 500000
Minimum Range = 500000Maximum Range = 500000
Minimum Range = 500000Maximum Range = 500000
Minimum Range = 500000Maximum Range = 500000
Minimum Range = 500000Maximum Range = 500000
Minimum Range = 500000Maximum Range = 500000
Minimum Range = 500000Maximum Range = 500000
Minimum Range = 500000Maximum Range = 500000
Minimum Range = 500000Maximum Range = 500000
Minimum Range = 500000Maximum Range = 500000
Minimum Range = 500000Maximum Range = 500000
Minimum Range = 500000Maximum Range = 500000
Minimum Range = 500000Maximum Range = 500000
Minimum Range = 500000Maximum Range = 500000
Minimum Range = 500000Maximum Range = 500000
Minimum Range = 500000Maximum Range = 500000
Minimum Range = 500000Maximum Range = 500000
Minimum Range = 500000Maximum Range = 500000
Minimum Range = 500000Maximum Range = 500000
Minimum Range = 500000Maximum Range = 500000
Minimum Range = 500000Maximum Range = 500000
Minimum Range = 500000Maximum Range = 500000
Minimum Range = 500000Maximum Range = 500000
Minimum Range = 500000Maximum Range = 500000
Minimum Range = 500000Maximum Range = 500000
Minimum Range = 500000Maximum Range = 500000
Minimum Range = 500000Maximum Range = 500000
Minimum Range = 500000Maximum Range = 500000
Minimum Range = 500000Maximum Range = 500000
Minimum Range = 500000Maximum Range = 500000
Minimum Range = 500000Maximum Range = 500000
Minimum Range = 500000Maximum Range = 500000
Minimum Range = 500000Maximum Range = 500000
Minimum Range = 500000Maximum Range = 500000
Minimum Range = 500000Maximum Range = 500000
Minimum Range = 500000Maximum Range = 500000
Minimum Range = 500000Maximum Range = 500000
Minimum Range = 500000Maximum Range = 500000
Minimum Range = 500000Maximum Range = 500000
Minimum Range = 500000Maximum Range = 500000
Minimum Range = 500000Maximum Range = 500000
Minimum Range = 500000Maximum Range = 500000
Minimum Range = 500000Maximum Range = 500000
Minimum Range = 500000Maximum Range = 500000
Minimum Range = 500000Maximum Range = 500000
Minimum Range = 500000Maximum Range = 500000
Minimum Range = 500000Maximum Range = 500000
Minimum Range = 500000Maximum Range = 500000
Minimum Range = 500000Maximum Range = 500000
Minimum Range = 500000Maximum Range = 500000
Minimum Range = 500000Maximum Range = 500000
Minimum Range = 500000Maximum Range = 500000
Minimum Range = 500000Maximum Range = 500000
Minimum Range = 500000Maximum Range = 500000
Minimum Range = 500000Maximum Range = 500000
Minimum Range = 500000Maximum Range = 500000
Minimum Range = 500000Maximum Range = 500000
Minimum Range = 500000Maximum Range = 500000
Minimum Range = 500000Maximum Range = 500000
Minimum Range = 500000Maximum Range = 500000
Minimum Range = 500000Maximum Range = 500000
Minimum Range = 500000Maximum Range = 500000
Minimum Range = 500000Maximum Range = 500000
Minimum Range = 500000Maximum Range = 500000
Minimum Range = 500000Maximum Range = 500000
Minimum Range = 500000Maximum Range = 500000
Minimum Range = 500000Maximum Range = 500000
Minimum Range = 500000Maximum Range = 500000
Minimum Range = 500000Maximum Range = 500000
Minimum Range = 500000Maximum Range = 500000
Minimum Range = 500000Maximum Range = 500000
Minimum Range = 500000Maximum Range = 500000
Minimum Range = 500000Maximum Range = 500000
Minimum Range = 500000Maximum Range = 500000
Minimum Range = 500000Maximum Range = 500000
Minimum Range = 500000Maximum Range = 500000
Minimum Range = 500000Maximum Range = 500000
Minimum Range = 500000Maximum Range = 500000
Minimum Range = 500000Maximum Range = 500000
Minimum Range = 500000Maximum Range = 500000
Minimum Range = 500000Maximum Range = 500000
Minimum Range = 500000Maximum Range = 500000
Minimum Range = 500000Maximum Range = 500000
]]></system-out>
  </testcase>
</testsuite>